==41493== Memcheck, a memory error detector
==41493== Copyright (C) 2002-2017, and GNU GPL'd, by Julian Seward et al.
==41493== Using Valgrind-3.18.1 and LibVEX; rerun with -h for copyright info
==41493== Command: ./webserv configs/minimal.conf
==41493== Parent PID: 41492
==41493== 
==41493== 
==41493== FILE DESCRIPTORS: 4 open (3 std) at exit.
==41493== Open file descriptor 3: /home/hanglade/Desktop/Webserv/valgrind.log
==41493==    <inherited from parent>
==41493== 
==41493== 
==41493== HEAP SUMMARY:
==41493==     in use at exit: 0 bytes in 0 blocks
==41493==   total heap usage: 3,203,016 allocs, 3,203,016 frees, 399,151,337 bytes allocated
==41493== 
==41493== All heap blocks were freed -- no leaks are possible
==41493== 
==41493== For lists of detected and suppressed errors, rerun with: -s
==41493== ERROR SUMMARY: 0 errors from 0 contexts (suppressed: 0 from 0)
